18:13:44 **** Incremental Build of configuration Debug for project ex4 ****
make -j8 all 
arm-none-eabi-gcc "../Core/Src/main.c" -mcpu=cortex-m3 -std=gnu11 -g3 -DDEBUG -DUSE_HAL_DRIVER -DSTM32F103x6 -c -I../Core/Inc -I../Drivers/STM32F1xx_HAL_Driver/Inc -I../Drivers/STM32F1xx_HAL_Driver/Inc/Legacy -I../Drivers/CMSIS/Device/ST/STM32F1xx/Include -I../Drivers/CMSIS/Include -O0 -ffunction-sections -fdata-sections -Wall -fstack-usage -MMD -MP -MF"Core/Src/main.d" -MT"Core/Src/main.o" --specs=nano.specs -mfloat-abi=soft -mthumb -o "Core/Src/main.o"
../Core/Src/main.c: In function 'main':
../Core/Src/main.c:99:4: warning: implicit declaration of function 'display7SEG' [-Wimplicit-function-declaration]
   99 |    display7SEG(counter++);
      |    ^~~~~~~~~~~
../Core/Src/main.c: At top level:
../Core/Src/main.c:107:6: warning: conflicting types for 'display7SEG'
  107 | void display7SEG(int num){
      |      ^~~~~~~~~~~
../Core/Src/main.c:99:4: note: previous implicit declaration of 'display7SEG' was here
   99 |    display7SEG(counter++);
      |    ^~~~~~~~~~~
arm-none-eabi-gcc -o "ex4.elf" @"objects.list"   -mcpu=cortex-m3 -T"C:\Users\lmchi\OneDrive\Máy tính\Microprocess-Microcontroller Lab1\Ex4\STM32 Code\STM32F103C6UX_FLASH.ld" --specs=nosys.specs -Wl,-Map="ex4.map" -Wl,--gc-sections -static --specs=nano.specs -mfloat-abi=soft -mthumb -Wl,--start-group -lc -lm -Wl,--end-group
c:\st\stm32cubeide_1.7.0\stm32cubeide\plugins\com.st.stm32cube.ide.mcu.externaltools.gnu-tools-for-stm32.9-2020-q2-update.win32_2.0.0.202105311346\tools\arm-none-eabi\bin\ld.exe: cannot open linker script file C:\Users\lmchi\OneDrive\M??y t??nh\Microprocess-Microcontroller Lab1\Ex4\STM32 Code\STM32F103C6UX_FLASH.ld: No such file or directory
collect2.exe: error: ld returned 1 exit status
make: *** [makefile:68: ex4.elf] Error 1
"make -j8 all" terminated with exit code 2. Build might be incomplete.
